<?xml version="1.0" encoding="UTF-8"?>
<testng-results skipped="0" failed="0" ignored="0" total="2" passed="2">
  <reporter-output>
    <line>
      <![CDATA[Step 1 = Login to application at : http://flavorwiki-staging.s3-website-eu-west-1.amazonaws.com/onboarding/login and loging in with incorrect credentails]]>
    </line>
    <line>
      <![CDATA[Step 2 = Verify the validation message displayed]]>
    </line>
    <line>
      <![CDATA[Step 1 = Login to application]]>
    </line>
    <line>
      <![CDATA[Step 2 = Verify that user is logged in or not]]>
    </line>
    <line>
      <![CDATA[Step 3 = Click on logout, and login as new password]]>
    </line>
  </reporter-output>
  <suite name="RegressionSuit" duration-ms="25318" started-at="2019-08-22T12:19:58Z" finished-at="2019-08-22T12:20:23Z">
    <groups>
    </groups>
    <test name="RunningOnChrome" duration-ms="25318" started-at="2019-08-22T12:19:58Z" finished-at="2019-08-22T12:20:23Z">
      <class name="Flavorwiki.tests.login.LoginTests">
        <test-method status="PASS" signature="setUp(java.lang.String, java.lang.String)[pri:0, instance:Flavorwiki.tests.login.LoginTests@4ae3c1cd]" name="setUp" is-config="true" duration-ms="7538" started-at="2019-08-22T12:19:58Z" finished-at="2019-08-22T12:20:06Z">
          <params>
            <param index="0">
              <value>
                <![CDATA[local]]>
              </value>
            </param>
            <param index="1">
              <value>
                <![CDATA[chrome]]>
              </value>
            </param>
          </params>
          <reporter-output>
          </reporter-output>
        </test-method> <!-- setUp -->
        <test-method status="PASS" signature="beforeMethod()[pri:0, instance:Flavorwiki.tests.login.LoginTests@4ae3c1cd]" name="beforeMethod" is-config="true" duration-ms="8" started-at="2019-08-22T12:20:06Z" finished-at="2019-08-22T12:20:06Z">
          <reporter-output>
          </reporter-output>
        </test-method> <!-- beforeMethod -->
        <test-method status="PASS" signature="login_Failure()[pri:1, instance:Flavorwiki.tests.login.LoginTests@4ae3c1cd]" name="login_Failure" duration-ms="10617" started-at="2019-08-22T12:20:06Z" finished-at="2019-08-22T12:20:17Z">
          <reporter-output>
            <line>
              <![CDATA[Step 1 = Login to application at : http://flavorwiki-staging.s3-website-eu-west-1.amazonaws.com/onboarding/login and loging in with incorrect credentails]]>
            </line>
            <line>
              <![CDATA[Step 2 = Verify the validation message displayed]]>
            </line>
          </reporter-output>
        </test-method> <!-- login_Failure -->
        <test-method status="PASS" signature="beforeMethod()[pri:0, instance:Flavorwiki.tests.login.LoginTests@4ae3c1cd]" name="beforeMethod" is-config="true" duration-ms="1" started-at="2019-08-22T12:20:17Z" finished-at="2019-08-22T12:20:17Z">
          <reporter-output>
          </reporter-output>
        </test-method> <!-- beforeMethod -->
        <test-method status="PASS" signature="login_Success()[pri:2, instance:Flavorwiki.tests.login.LoginTests@4ae3c1cd]" name="login_Success" duration-ms="5817" started-at="2019-08-22T12:20:17Z" finished-at="2019-08-22T12:20:22Z">
          <reporter-output>
            <line>
              <![CDATA[Step 1 = Login to application]]>
            </line>
            <line>
              <![CDATA[Step 2 = Verify that user is logged in or not]]>
            </line>
            <line>
              <![CDATA[Step 3 = Click on logout, and login as new password]]>
            </line>
          </reporter-output>
        </test-method> <!-- login_Success -->
        <test-method status="PASS" signature="tearDown()[pri:0, instance:Flavorwiki.tests.login.LoginTests@4ae3c1cd]" name="tearDown" is-config="true" duration-ms="934" started-at="2019-08-22T12:20:22Z" finished-at="2019-08-22T12:20:23Z">
          <reporter-output>
          </reporter-output>
        </test-method> <!-- tearDown -->
      </class> <!-- Flavorwiki.tests.login.LoginTests -->
    </test> <!-- RunningOnChrome -->
  </suite> <!-- RegressionSuit -->
</testng-results>
