<?xml version="1.0" encoding="UTF-8"?>
<testng-results skipped="0" failed="0" ignored="0" total="1" passed="1">
  <reporter-output>
    <line>
      <![CDATA[Step 1=Enter valid url]]>
    </line>
    <line>
      <![CDATA[Step 2 = Signed in with valid credentials.]]>
    </line>
    <line>
      <![CDATA[Step 3 = Click on Survey option from the side menu.]]>
    </line>
    <line>
      <![CDATA[Step 4 = Click on Create Survey button]]>
    </line>
    <line>
      <![CDATA[Step 5 = Enter valid data in mandatory fields]]>
    </line>
    <line>
      <![CDATA[Step 6= Click on Product and add product]]>
    </line>
    <line>
      <![CDATA[Step 7= Click On Screening and fill data]]>
    </line>
    <line>
      <![CDATA[Step 8 = Click On Before product selection]]>
    </line>
    <line>
      <![CDATA[Step 9 = Click on Tasting loop]]>
    </line>
    <line>
      <![CDATA[Step 10 = Click on After tasting]]>
    </line>
    <line>
      <![CDATA[Step 8 = Click Publish button]]>
    </line>
  </reporter-output>
  <suite name="Default suite" duration-ms="63691" started-at="2019-09-30T11:18:52Z" finished-at="2019-09-30T11:19:55Z">
    <groups>
    </groups>
    <test name="Default test" duration-ms="63691" started-at="2019-09-30T11:18:52Z" finished-at="2019-09-30T11:19:55Z">
      <class name="Flavorwiki.tests.surveys.SurveysTests">
        <test-method status="PASS" signature="setUp(java.lang.String, java.lang.String)[pri:0, instance:Flavorwiki.tests.surveys.SurveysTests@448ff1a8]" name="setUp" is-config="true" duration-ms="10008" started-at="2019-09-30T11:18:52Z" finished-at="2019-09-30T11:19:02Z">
          <params>
            <param index="0">
              <value>
                <![CDATA[local]]>
              </value>
            </param>
            <param index="1">
              <value>
                <![CDATA[chrome]]>
              </value>
            </param>
          </params>
          <reporter-output>
          </reporter-output>
        </test-method> <!-- setUp -->
        <test-method status="PASS" signature="beforeMethod()[pri:0, instance:Flavorwiki.tests.surveys.SurveysTests@448ff1a8]" name="beforeMethod" is-config="true" duration-ms="3" started-at="2019-09-30T11:19:02Z" finished-at="2019-09-30T11:19:02Z">
          <reporter-output>
          </reporter-output>
        </test-method> <!-- beforeMethod -->
        <test-method status="PASS" signature="create_survey()[pri:3, instance:Flavorwiki.tests.surveys.SurveysTests@448ff1a8]" name="create_survey" duration-ms="52862" started-at="2019-09-30T11:19:02Z" finished-at="2019-09-30T11:19:55Z">
          <reporter-output>
            <line>
              <![CDATA[Step 1=Enter valid url]]>
            </line>
            <line>
              <![CDATA[Step 2 = Signed in with valid credentials.]]>
            </line>
            <line>
              <![CDATA[Step 3 = Click on Survey option from the side menu.]]>
            </line>
            <line>
              <![CDATA[Step 4 = Click on Create Survey button]]>
            </line>
            <line>
              <![CDATA[Step 5 = Enter valid data in mandatory fields]]>
            </line>
            <line>
              <![CDATA[Step 6= Click on Product and add product]]>
            </line>
            <line>
              <![CDATA[Step 7= Click On Screening and fill data]]>
            </line>
            <line>
              <![CDATA[Step 8 = Click On Before product selection]]>
            </line>
            <line>
              <![CDATA[Step 9 = Click on Tasting loop]]>
            </line>
            <line>
              <![CDATA[Step 10 = Click on After tasting]]>
            </line>
            <line>
              <![CDATA[Step 8 = Click Publish button]]>
            </line>
          </reporter-output>
        </test-method> <!-- create_survey -->
        <test-method status="PASS" signature="tearDown()[pri:0, instance:Flavorwiki.tests.surveys.SurveysTests@448ff1a8]" name="tearDown" is-config="true" duration-ms="643" started-at="2019-09-30T11:19:55Z" finished-at="2019-09-30T11:19:55Z">
          <reporter-output>
          </reporter-output>
        </test-method> <!-- tearDown -->
      </class> <!-- Flavorwiki.tests.surveys.SurveysTests -->
    </test> <!-- Default test -->
  </suite> <!-- Default suite -->
</testng-results>
